<?xml version="1.0" encoding="UTF-8"?>
<!-- Generated by org.testng.reporters.JUnitReportReporter -->
<testsuite hostname="DESKTOP-8MO0VGR" failures="0" tests="1" name="com.qspider.book.TC_DWS_001_Test" time="29.903" errors="0" timestamp="2025-01-31T11:37:59 IST" skipped="0">
  <testcase classname="com.qspider.book.TC_DWS_001_Test" name="ClickOnBooks" time="29.903"/>
  <system-out/>
</testsuite> <!-- com.qspider.book.TC_DWS_001_Test -->
